#
# There is insufficient memory for the Java Runtime Environment to continue.
# Native memory allocation (mmap) failed to map 58720256 bytes for G1 virtual space
# Possible reasons:
#   The system is out of physical RAM or swap space
#   The process is running with CompressedOops enabled, and the Java Heap may be blocking the growth of the native heap
# Possible solutions:
#   Reduce memory load on the system
#   Increase physical memory or swap space
#   Check if swap backing store is full
#   Decrease Java heap size (-Xmx/-Xms)
#   Decrease number of Java threads
#   Decrease Java thread stack sizes (-Xss)
#   Set larger code cache with -XX:ReservedCodeCacheSize=
#   JVM is running with Unscaled Compressed Oops mode in which the Java heap is
#     placed in the first 4GB address space. The Java Heap base address is the
#     maximum limit for the native heap growth. Please use -XX:HeapBaseMinAddress
#     to set the Java Heap base and to place the Java Heap above 4GB virtual address.
# This output file may be truncated or incomplete.
#
#  Out of Memory Error (os_windows.cpp:3600), pid=15888, tid=4864
#
# JRE version:  (21.0+35) (build )
# Java VM: Java HotSpot(TM) 64-Bit Server VM (21+35-LTS-2513, mixed mode, sharing, tiered, compressed oops, compressed class ptrs, g1 gc, windows-amd64)
# No core dump will be written. Minidumps are not enabled by default on client versions of Windows
#

---------------  S U M M A R Y ------------

Command Line: --module-path=D:\javafx-sdk-21\lib --add-modules=javafx.controls,javafx.fxml -javaagent:D:\IntelliJ IDEA 2023.2.2\lib\idea_rt.jar=55021:D:\IntelliJ IDEA 2023.2.2\bin -Dfile.encoding=UTF-8 -Dsun.stdout.encoding=UTF-8 -Dsun.stderr.encoding=UTF-8 App

Host: AMD Ryzen 5 3500U with Radeon Vega Mobile Gfx  , 8 cores, 3G,  Windows 11 , 64 bit Build 22621 (10.0.22621.2428)
Time: Thu Oct 26 14:24:36 2023 SE Asia Standard Time elapsed time: 0.226301 seconds (0d 0h 0m 0s)

---------------  T H R E A D  ---------------

Current thread (0x0000021bc84dded0):  JavaThread "Unknown thread" [_thread_in_vm, id=4864, stack(0x0000004ebea00000,0x0000004ebeb00000) (1024K)]

Stack: [0x0000004ebea00000,0x0000004ebeb00000]
Native frames: (J=compiled Java code, j=interpreted, Vv=VM code, C=native code)
V  [jvm.dll+0x6c8d39]
V  [jvm.dll+0x854091]
V  [jvm.dll+0x85630e]
V  [jvm.dll+0x8569e3]
V  [jvm.dll+0x2809a6]
V  [jvm.dll+0x6c5425]
V  [jvm.dll+0x6b9e1a]
V  [jvm.dll+0x3555ba]
V  [jvm.dll+0x35d206]
V  [jvm.dll+0x3adf6e]
V  [jvm.dll+0x3ae218]
V  [jvm.dll+0x328fcc]
V  [jvm.dll+0x329b5b]
V  [jvm.dll+0x81c699]
V  [jvm.dll+0x3bb2a1]
V  [jvm.dll+0x805688]
V  [jvm.dll+0x44ed9e]
V  [jvm.dll+0x4506a1]
C  [jli.dll+0x52a3]
C  [ucrtbase.dll+0x29363]
C  [KERNEL32.DLL+0x1257d]
C  [ntdll.dll+0x5aa78]


---------------  P R O C E S S  ---------------

Threads class SMR info:
_java_thread_list=0x00007ffbb1d67b48, length=0, elements={
}

Java Threads: ( => current thread )
Total: 0

Other Threads:
  0x0000021bc8514930 WorkerThread "GC Thread#0"                     [id=14944, stack(0x0000004ebeb00000,0x0000004ebec00000) (1024K)]
  0x0000021bc851c940 ConcurrentGCThread "G1 Main Marker"            [id=15024, stack(0x0000004ebec00000,0x0000004ebed00000) (1024K)]
  0x0000021bc851d440 WorkerThread "G1 Conc#0"                       [id=2400, stack(0x0000004ebed00000,0x0000004ebee00000) (1024K)]

[error occurred during error reporting (printing all threads), id 0xc0000005, EXCEPTION_ACCESS_VIOLATION (0xc0000005) at pc=0x00007ffbb14dc097]
VM state: not at safepoint (not fully initialized)

VM Mutex/Monitor currently owned by a thread:  ([mutex/lock_event])
[0x00007ffbb1dd8648] Heap_lock - owner thread: 0x0000021bc84dded0

Heap address: 0x00000000c8c00000, size: 884 MB, Compressed Oops mode: 32-bit

CDS archive(s) mapped at: [0x0000000000000000-0x0000000000000000-0x0000000000000000), size 0, SharedBaseAddress: 0x0000000800000000, ArchiveRelocationMode: 1.
Narrow klass base: 0x0000000000000000, Narrow klass shift: 0, Narrow klass range: 0x0

GC Precious Log:
 CardTable entry size: 512
 Card Set container configuration: InlinePtr #cards 5 size 8 Array Of Cards #cards 12 size 40 Howl #buckets 4 coarsen threshold 1843 Howl Bitmap #cards 512 size 80 coarsen threshold 460 Card regions per heap region 1 cards per card region 2048

Heap:
 garbage-first heap   total 0K, used 0K [0x00000000c8c00000, 0x0000000100000000)
  region size 1024K, 0 young (0K), 0 survivors (0K)

[error occurred during error reporting (printing heap information), id 0xc0000005, EXCEPTION_ACCESS_VIOLATION (0xc0000005) at pc=0x00007ffbb18c1939]
GC Heap History (0 events):
No events

Dll operation events (1 events):
Event: 0.218 Loaded shared library D:\Java21\bin\java.dll

Deoptimization events (0 events):
No events

Classes loaded (0 events):
No events

Classes unloaded (0 events):
No events

Classes redefined (0 events):
No events

Internal exceptions (0 events):
No events

ZGC Phase Switch (0 events):
No events

VM Operations (0 events):
No events

Events (0 events):
No events


Dynamic libraries:
0x00007ff6a5950000 - 0x00007ff6a5960000 	D:\Java21\bin\java.exe
0x00007ffc53370000 - 0x00007ffc53587000 	C:\WINDOWS\SYSTEM32\ntdll.dll
0x00007ffc52cb0000 - 0x00007ffc52d74000 	C:\WINDOWS\System32\KERNEL32.DLL
0x00007ffc506f0000 - 0x00007ffc50a96000 	C:\WINDOWS\System32\KERNELBASE.dll
0x00007ffc50fb0000 - 0x00007ffc510c1000 	C:\WINDOWS\System32\ucrtbase.dll
0x00007ffc3e6c0000 - 0x00007ffc3e6d9000 	D:\Java21\bin\jli.dll
0x00007ffc23320000 - 0x00007ffc2333b000 	D:\Java21\bin\VCRUNTIME140.dll
0x00007ffc51730000 - 0x00007ffc517e0000 	C:\WINDOWS\System32\ADVAPI32.dll
0x00007ffc517e0000 - 0x00007ffc51887000 	C:\WINDOWS\System32\msvcrt.dll
0x00007ffc51500000 - 0x00007ffc515a6000 	C:\WINDOWS\System32\sechost.dll
0x00007ffc513e0000 - 0x00007ffc514f7000 	C:\WINDOWS\System32\RPCRT4.dll
0x00007ffc53180000 - 0x00007ffc5332d000 	C:\WINDOWS\System32\USER32.dll
0x00007ffc3e790000 - 0x00007ffc3ea23000 	C:\WINDOWS\WinSxS\amd64_microsoft.windows.common-controls_6595b64144ccf1df_6.0.22621.2361_none_2712ced57382f843\COMCTL32.dll
0x00007ffc50aa0000 - 0x00007ffc50ac6000 	C:\WINDOWS\System32\win32u.dll
0x00007ffc52b30000 - 0x00007ffc52b59000 	C:\WINDOWS\System32\GDI32.dll
0x00007ffc50ad0000 - 0x00007ffc50be8000 	C:\WINDOWS\System32\gdi32full.dll
0x00007ffc50bf0000 - 0x00007ffc50c8a000 	C:\WINDOWS\System32\msvcp_win.dll
0x00007ffc47830000 - 0x00007ffc4783a000 	C:\WINDOWS\SYSTEM32\VERSION.dll
0x00007ffc51f90000 - 0x00007ffc51fc1000 	C:\WINDOWS\System32\IMM32.DLL
0x00007ffc23310000 - 0x00007ffc2331c000 	D:\Java21\bin\vcruntime140_1.dll
0x00007ffc23280000 - 0x00007ffc2330e000 	D:\Java21\bin\msvcp140.dll
0x00007ffbb11a0000 - 0x00007ffbb1eb3000 	D:\Java21\bin\server\jvm.dll
0x00007ffc52250000 - 0x00007ffc522c1000 	C:\WINDOWS\System32\WS2_32.dll
0x00007ffc505c0000 - 0x00007ffc5060d000 	C:\WINDOWS\SYSTEM32\POWRPROF.dll
0x00007ffc4a080000 - 0x00007ffc4a0b4000 	C:\WINDOWS\SYSTEM32\WINMM.dll
0x00007ffc505a0000 - 0x00007ffc505b3000 	C:\WINDOWS\SYSTEM32\UMPDC.dll
0x00007ffc4f6d0000 - 0x00007ffc4f6e8000 	C:\WINDOWS\SYSTEM32\kernel.appcore.dll
0x00007ffc23270000 - 0x00007ffc2327a000 	D:\Java21\bin\jimage.dll
0x00007ffc4e0c0000 - 0x00007ffc4e2ee000 	C:\WINDOWS\SYSTEM32\DBGHELP.DLL
0x00007ffc52dd0000 - 0x00007ffc5315a000 	C:\WINDOWS\System32\combase.dll
0x00007ffc518b0000 - 0x00007ffc51987000 	C:\WINDOWS\System32\OLEAUT32.dll
0x00007ffc3d350000 - 0x00007ffc3d382000 	C:\WINDOWS\SYSTEM32\dbgcore.DLL
0x00007ffc50c90000 - 0x00007ffc50d0a000 	C:\WINDOWS\System32\bcryptPrimitives.dll
0x00007ffc3c040000 - 0x00007ffc3c04f000 	D:\Java21\bin\instrument.dll
0x00007ffc23250000 - 0x00007ffc2326f000 	D:\Java21\bin\java.dll

dbghelp: loaded successfully - version: 4.0.5 - missing functions: none
symbol engine: initialized successfully - sym options: 0x614 - pdb path: .;D:\Java21\bin;C:\WINDOWS\SYSTEM32;C:\WINDOWS\WinSxS\amd64_microsoft.windows.common-controls_6595b64144ccf1df_6.0.22621.2361_none_2712ced57382f843;D:\Java21\bin\server

VM Arguments:
jvm_args: --module-path=D:\javafx-sdk-21\lib --add-modules=javafx.controls,javafx.fxml -javaagent:D:\IntelliJ IDEA 2023.2.2\lib\idea_rt.jar=55021:D:\IntelliJ IDEA 2023.2.2\bin -Dfile.encoding=UTF-8 -Dsun.stdout.encoding=UTF-8 -Dsun.stderr.encoding=UTF-8 
java_command: App
java_class_path (initial): D:\JavaProj\DictionaryOOP\target\classes;C:\Users\Cuong To\.m2\repository\org\openjfx\javafx-controls\17.0.6\javafx-controls-17.0.6.jar;C:\Users\Cuong To\.m2\repository\org\openjfx\javafx-controls\17.0.6\javafx-controls-17.0.6-win.jar;C:\Users\Cuong To\.m2\repository\org\openjfx\javafx-graphics\17.0.6\javafx-graphics-17.0.6.jar;C:\Users\Cuong To\.m2\repository\org\openjfx\javafx-graphics\17.0.6\javafx-graphics-17.0.6-win.jar;C:\Users\Cuong To\.m2\repository\org\openjfx\javafx-base\17.0.6\javafx-base-17.0.6.jar;C:\Users\Cuong To\.m2\repository\org\openjfx\javafx-base\17.0.6\javafx-base-17.0.6-win.jar;C:\Users\Cuong To\.m2\repository\org\openjfx\javafx-fxml\17.0.6\javafx-fxml-17.0.6.jar;C:\Users\Cuong To\.m2\repository\org\openjfx\javafx-fxml\17.0.6\javafx-fxml-17.0.6-win.jar;C:\Users\Cuong To\.m2\repository\org\controlsfx\controlsfx\11.1.2\controlsfx-11.1.2.jar;C:\Users\Cuong To\.m2\repository\org\kordamp\ikonli\ikonli-javafx\12.3.1\ikonli-javafx-12.3.1.jar;C:\Users\Cuong To\.m2\repository\org\kordamp\ikonli\ikonli-core\12.3.1\ikonli-core-12.3.1.jar
Launcher Type: SUN_STANDARD

[Global flags]
     intx CICompilerCount                          = 4                                         {product} {ergonomic}
     uint ConcGCThreads                            = 2                                         {product} {ergonomic}
     uint G1ConcRefinementThreads                  = 8                                         {product} {ergonomic}
   size_t G1HeapRegionSize                         = 1048576                                   {product} {ergonomic}
    uintx GCDrainStackTargetSize                   = 64                                        {product} {ergonomic}
   size_t InitialHeapSize                          = 58720256                                  {product} {ergonomic}
   size_t MarkStackSize                            = 4194304                                   {product} {ergonomic}
   size_t MaxHeapSize                              = 926941184                                 {product} {ergonomic}
   size_t MinHeapDeltaBytes                        = 1048576                                   {product} {ergonomic}
   size_t MinHeapSize                              = 8388608                                   {product} {ergonomic}
    uintx NonNMethodCodeHeapSize                   = 5839372                                {pd product} {ergonomic}
    uintx NonProfiledCodeHeapSize                  = 122909434                              {pd product} {ergonomic}
    uintx ProfiledCodeHeapSize                     = 122909434                              {pd product} {ergonomic}
    uintx ReservedCodeCacheSize                    = 251658240                              {pd product} {ergonomic}
     bool SegmentedCodeCache                       = true                                      {product} {ergonomic}
   size_t SoftMaxHeapSize                          = 926941184                              {manageable} {ergonomic}
     bool UseCompressedOops                        = true                           {product lp64_product} {ergonomic}
     bool UseG1GC                                  = true                                      {product} {ergonomic}
     bool UseLargePagesIndividualAllocation        = false                                  {pd product} {ergonomic}

Logging:
Log output configuration:
 #0: stdout all=warning uptime,level,tags foldmultilines=false
 #1: stderr all=off uptime,level,tags foldmultilines=false

Environment Variables:
PATH=C:\Program Files\Common Files\Oracle\Java\javapath;C:\Program Files (x86)\Common Files\Oracle\Java\javapath;C:\WINDOWS\system32;C:\WINDOWS;C:\WINDOWS\System32\Wbem;C:\WINDOWS\System32\WindowsPowerShell\v1.0\;C:\WINDOWS\System32\OpenSSH\;C:\Program Files\dotnet\;D:\java8\bin;D:\PythonOG\Scripts\;D:\PythonOG\;C:\Program Files\MySQL\MySQL Shell 8.0\bin\;C:\Users\Cuong To\AppData\Local\Microsoft\WindowsApps;C:\Users\Cuong To\AppData\Local\Programs\Microsoft VS Code\bin;C:\Users\Cuong To\AppData\Local\GitHubDesktop\bin
USERNAME=Cuong To
OS=Windows_NT
PROCESSOR_IDENTIFIER=AMD64 Family 23 Model 24 Stepping 1, AuthenticAMD
TMP=C:\Users\CUONGT~1\AppData\Local\Temp
TEMP=C:\Users\CUONGT~1\AppData\Local\Temp




---------------  S Y S T E M  ---------------

OS:
 Windows 11 , 64 bit Build 22621 (10.0.22621.2428)
OS uptime: 0 days 1:43 hours

CPU: total 8 (initial active 8) (8 cores per cpu, 2 threads per core) family 23 model 24 stepping 1 microcode 0x0, cx8, cmov, fxsr, ht, mmx, 3dnowpref, sse, sse2, sse3, ssse3, sse4a, sse4.1, sse4.2, popcnt, lzcnt, tsc, tscinvbit, avx, avx2, aes, clmul, bmi1, bmi2, adx, sha, fma, vzeroupper, clflush, clflushopt, rdtscp, f16c
Processor Information for all 8 processors :
  Max Mhz: 2100, Current Mhz: 2100, Mhz Limit: 2100

Memory: 4k page, system-wide physical 3531M (363M free)
TotalPageFile size 11531M (AvailPageFile size 49M)
current process WorkingSet (physical memory assigned to process): 11M, peak: 11M
current process commit charge ("private bytes"): 59M, peak: 115M

vm_info: Java HotSpot(TM) 64-Bit Server VM (21+35-LTS-2513) for windows-amd64 JRE (21+35-LTS-2513), built on 2023-08-09T20:25:10Z by "mach5one" with MS VC++ 17.1 (VS2022)

END.
